<?xml version="1.0" encoding="UTF-8"?>
<!-- Generated by org.testng.reporters.JUnitXMLReporter -->
<testsuite ignored="5" hostname="Shruthi" failures="0" tests="5" name="APITests" time="25.439" errors="0" timestamp="15 Dec 2023 18:21:46 GMT">
  <testcase classname="tests.LoginTests" name="loginTests_TC01" time="6.374"/>
  <testcase classname="tests.AddDataTest" name="addDataTests_TC02" time="3.953"/>
  <testcase classname="tests.GetDataTest" name="getDataTest_TC01" time="9.073"/>
  <testcase classname="tests.UpdateDataTests" name="addDataTests_TC01" time="2.925"/>
  <testcase classname="tests.DeleteDataTests" name="addDataTests_TC01" time="3.064"/>
  <testcase classname="tests.AddDataTest" name="addDataTests_TC01" time="0.0">
    <ignored/>
  </testcase> <!-- addDataTests_TC01 -->
  <testcase classname="tests.BaseTest" name="@BeforeSuite setup" time="0.0">
    <ignored/>
  </testcase> <!-- @BeforeSuite setup -->
  <testcase classname="tests.BaseTest" name="@BeforeSuite setup" time="0.0">
    <ignored/>
  </testcase> <!-- @BeforeSuite setup -->
  <testcase classname="tests.BaseTest" name="@BeforeSuite setup" time="0.0">
    <ignored/>
  </testcase> <!-- @BeforeSuite setup -->
  <testcase classname="tests.BaseTest" name="@BeforeSuite setup" time="0.0">
    <ignored/>
  </testcase> <!-- @BeforeSuite setup -->
</testsuite> <!-- APITests -->
