<?xml version="1.0" encoding="UTF-8"?>
<!-- Generated by org.testng.reporters.JUnitXMLReporter -->
<testsuite ignored="5" hostname="Shruthi" failures="0" tests="5" name="Test" time="18.954" errors="0" timestamp="18 Dec 2023 02:57:50 GMT">
  <testcase classname="tests.UpdateDataTests" name="addDataTests_TC01" time="4.939"/>
  <testcase classname="tests.LoginTests" name="loginTests_TC01" time="3.259"/>
  <testcase classname="tests.GetDataTest" name="getDataTest_TC01" time="6.332"/>
  <testcase classname="tests.AddDataTest" name="addDataTests_TC02" time="1.967"/>
  <testcase classname="tests.DeleteDataTests" name="addDataTests_TC01" time="2.397"/>
  <testcase classname="tests.AddDataTest" name="addDataTests_TC01" time="0.0">
    <ignored/>
  </testcase> <!-- addDataTests_TC01 -->
  <testcase classname="tests.BaseTest" name="@BeforeSuite setup" time="0.0">
    <ignored/>
  </testcase> <!-- @BeforeSuite setup -->
  <testcase classname="tests.BaseTest" name="@BeforeSuite setup" time="0.0">
    <ignored/>
  </testcase> <!-- @BeforeSuite setup -->
  <testcase classname="tests.BaseTest" name="@BeforeSuite setup" time="0.0">
    <ignored/>
  </testcase> <!-- @BeforeSuite setup -->
  <testcase classname="tests.BaseTest" name="@BeforeSuite setup" time="0.0">
    <ignored/>
  </testcase> <!-- @BeforeSuite setup -->
</testsuite> <!-- Test -->
